  Source.cpp
e:\c++\game\project1\source.cpp(85): warning C4244: аргумент: преобразование "long double" в "float", возможна потеря данных
e:\c++\game\project1\source.cpp(91): warning C4244: аргумент: преобразование "long double" в "float", возможна потеря данных
e:\c++\game\project1\source.cpp(97): warning C4305: =: усечение из "__int64" в "T"
          with
          [
              T=float
          ]
e:\c++\game\project1\source.cpp(98): warning C4305: =: усечение из "__int64" в "T"
          with
          [
              T=float
          ]
e:\c++\game\project1\source.cpp(229): warning C4244: аргумент: преобразование "time_t" в "unsigned int", возможна потеря данных
e:\c++\game\project1\source.cpp(248): warning C4305: аргумент: усечение из "__int64" в "unsigned int"
e:\c++\game\project1\source.cpp(248): warning C4309: аргумент: усечение константного значения
e:\c++\game\project1\source.cpp(249): warning C4305: аргумент: усечение из "__int64" в "T"
          with
          [
              T=float
          ]
e:\c++\game\project1\source.cpp(272): warning C4305: аргумент: усечение из "int" в "float"
e:\c++\game\project1\source.cpp(278): warning C4305: аргумент: усечение из "__int64" в "float"
e:\c++\game\project1\source.cpp(279): warning C4305: аргумент: усечение из "__int64" в "float"
e:\c++\game\project1\source.cpp(280): warning C4305: аргумент: усечение из "__int64" в "float"
e:\c++\game\project1\source.cpp(281): warning C4305: аргумент: усечение из "__int64" в "float"
e:\c++\game\project1\source.cpp(282): warning C4305: аргумент: усечение из "__int64" в "float"
e:\c++\game\project1\source.cpp(283): warning C4305: аргумент: усечение из "__int64" в "float"
e:\c++\game\project1\source.cpp(284): warning C4305: аргумент: усечение из "unsigned long" в "float"
e:\c++\game\project1\source.cpp(285): warning C4305: аргумент: усечение из "unsigned long" в "float"
e:\c++\game\project1\source.cpp(286): warning C4305: аргумент: усечение из "int" в "float"
e:\c++\game\project1\source.cpp(287): warning C4305: аргумент: усечение из "int" в "float"
e:\c++\game\project1\source.cpp(333): warning C4244: аргумент: преобразование "long double" в "float", возможна потеря данных
e:\c++\game\project1\source.cpp(334): warning C4244: аргумент: преобразование "long double" в "float", возможна потеря данных
e:\c++\game\project1\source.cpp(335): warning C4244: аргумент: преобразование "long double" в "float", возможна потеря данных
e:\c++\game\project1\source.cpp(336): warning C4244: аргумент: преобразование "long double" в "float", возможна потеря данных
e:\c++\game\project1\source.cpp(337): warning C4244: аргумент: преобразование "long double" в "float", возможна потеря данных
e:\c++\game\project1\source.cpp(338): warning C4244: аргумент: преобразование "long double" в "float", возможна потеря данных
e:\c++\game\project1\source.cpp(339): warning C4244: аргумент: преобразование "long double" в "float", возможна потеря данных
e:\c++\game\project1\source.cpp(340): warning C4244: аргумент: преобразование "long double" в "float", возможна потеря данных
e:\c++\game\project1\source.cpp(518): warning C4244: аргумент: преобразование "double" в "float", возможна потеря данных
e:\c++\game\project1\source.cpp(525): warning C4244: =: преобразование "int" в "T", возможна потеря данных
          with
          [
              T=float
          ]
e:\c++\game\project1\source.cpp(526): warning C4244: =: преобразование "int" в "T", возможна потеря данных
          with
          [
              T=float
          ]
e:\c++\game\project1\source.cpp(527): warning C4244: =: преобразование "double" в "float", возможна потеря данных
e:\c++\game\project1\source.cpp(548): warning C4305: аргумент: усечение из "double" в "float"
e:\c++\game\project1\source.cpp(561): warning C4244: -=: преобразование "double" в "float", возможна потеря данных
e:\c++\game\project1\source.cpp(563): warning C4244: аргумент: преобразование "long double" в "float", возможна потеря данных
e:\c++\game\project1\source.cpp(564): warning C4244: аргумент: преобразование "long double" в "float", возможна потеря данных
e:\c++\game\project1\source.cpp(565): warning C4244: аргумент: преобразование "long double" в "float", возможна потеря данных
e:\c++\game\project1\source.cpp(566): warning C4244: аргумент: преобразование "long double" в "float", возможна потеря данных
e:\c++\game\project1\source.cpp(567): warning C4244: аргумент: преобразование "long double" в "float", возможна потеря данных
e:\c++\game\project1\source.cpp(568): warning C4244: аргумент: преобразование "long double" в "float", возможна потеря данных
e:\c++\game\project1\source.cpp(569): warning C4244: аргумент: преобразование "long double" в "float", возможна потеря данных
e:\c++\game\project1\source.cpp(570): warning C4244: аргумент: преобразование "long double" в "float", возможна потеря данных
e:\c++\game\project1\source.cpp(626): warning C4305: инициализация: усечение из "double" в "float"
e:\c++\game\project1\source.cpp(627): warning C4244: аргумент: преобразование "float" в "unsigned int", возможна потеря данных
e:\c++\game\project1\source.cpp(628): warning C4244: аргумент: преобразование "double" в "T", возможна потеря данных
          with
          [
              T=float
          ]
e:\c++\game\project1\source.cpp(190): warning C4715: ControlsInfoPrint: значение возвращается не при всех путях выполнения
  Project1.vcxproj -> E:\c++\game\x64\Debug\Project1.exe
