  Source.cpp
e:\c++\solar system\project1\source.cpp(90): warning C4244: аргумент: преобразование "long double" в "float", возможна потеря данных
e:\c++\solar system\project1\source.cpp(96): warning C4244: аргумент: преобразование "long double" в "float", возможна потеря данных
e:\c++\solar system\project1\source.cpp(102): warning C4305: =: усечение из "__int64" в "T"
          with
          [
              T=float
          ]
e:\c++\solar system\project1\source.cpp(103): warning C4305: =: усечение из "__int64" в "T"
          with
          [
              T=float
          ]
e:\c++\solar system\project1\source.cpp(234): warning C4244: аргумент: преобразование "time_t" в "unsigned int", возможна потеря данных
e:\c++\solar system\project1\source.cpp(253): warning C4305: аргумент: усечение из "__int64" в "unsigned int"
e:\c++\solar system\project1\source.cpp(253): warning C4309: аргумент: усечение константного значения
e:\c++\solar system\project1\source.cpp(254): warning C4305: аргумент: усечение из "__int64" в "T"
          with
          [
              T=float
          ]
e:\c++\solar system\project1\source.cpp(277): warning C4305: аргумент: усечение из "int" в "float"
e:\c++\solar system\project1\source.cpp(283): warning C4305: аргумент: усечение из "__int64" в "float"
e:\c++\solar system\project1\source.cpp(284): warning C4305: аргумент: усечение из "__int64" в "float"
e:\c++\solar system\project1\source.cpp(285): warning C4305: аргумент: усечение из "__int64" в "float"
e:\c++\solar system\project1\source.cpp(286): warning C4305: аргумент: усечение из "__int64" в "float"
e:\c++\solar system\project1\source.cpp(287): warning C4305: аргумент: усечение из "__int64" в "float"
e:\c++\solar system\project1\source.cpp(288): warning C4305: аргумент: усечение из "__int64" в "float"
e:\c++\solar system\project1\source.cpp(289): warning C4305: аргумент: усечение из "unsigned long" в "float"
e:\c++\solar system\project1\source.cpp(290): warning C4305: аргумент: усечение из "unsigned long" в "float"
e:\c++\solar system\project1\source.cpp(291): warning C4305: аргумент: усечение из "int" в "float"
e:\c++\solar system\project1\source.cpp(292): warning C4305: аргумент: усечение из "int" в "float"
e:\c++\solar system\project1\source.cpp(338): warning C4244: аргумент: преобразование "long double" в "float", возможна потеря данных
e:\c++\solar system\project1\source.cpp(339): warning C4244: аргумент: преобразование "long double" в "float", возможна потеря данных
e:\c++\solar system\project1\source.cpp(340): warning C4244: аргумент: преобразование "long double" в "float", возможна потеря данных
e:\c++\solar system\project1\source.cpp(341): warning C4244: аргумент: преобразование "long double" в "float", возможна потеря данных
e:\c++\solar system\project1\source.cpp(342): warning C4244: аргумент: преобразование "long double" в "float", возможна потеря данных
e:\c++\solar system\project1\source.cpp(343): warning C4244: аргумент: преобразование "long double" в "float", возможна потеря данных
e:\c++\solar system\project1\source.cpp(344): warning C4244: аргумент: преобразование "long double" в "float", возможна потеря данных
e:\c++\solar system\project1\source.cpp(345): warning C4244: аргумент: преобразование "long double" в "float", возможна потеря данных
e:\c++\solar system\project1\source.cpp(523): warning C4244: аргумент: преобразование "double" в "float", возможна потеря данных
e:\c++\solar system\project1\source.cpp(530): warning C4244: =: преобразование "int" в "T", возможна потеря данных
          with
          [
              T=float
          ]
e:\c++\solar system\project1\source.cpp(531): warning C4244: =: преобразование "int" в "T", возможна потеря данных
          with
          [
              T=float
          ]
e:\c++\solar system\project1\source.cpp(532): warning C4244: =: преобразование "double" в "float", возможна потеря данных
e:\c++\solar system\project1\source.cpp(553): warning C4305: аргумент: усечение из "double" в "float"
e:\c++\solar system\project1\source.cpp(566): warning C4244: -=: преобразование "double" в "float", возможна потеря данных
e:\c++\solar system\project1\source.cpp(568): warning C4244: аргумент: преобразование "long double" в "float", возможна потеря данных
e:\c++\solar system\project1\source.cpp(569): warning C4244: аргумент: преобразование "long double" в "float", возможна потеря данных
e:\c++\solar system\project1\source.cpp(570): warning C4244: аргумент: преобразование "long double" в "float", возможна потеря данных
e:\c++\solar system\project1\source.cpp(571): warning C4244: аргумент: преобразование "long double" в "float", возможна потеря данных
e:\c++\solar system\project1\source.cpp(572): warning C4244: аргумент: преобразование "long double" в "float", возможна потеря данных
e:\c++\solar system\project1\source.cpp(573): warning C4244: аргумент: преобразование "long double" в "float", возможна потеря данных
e:\c++\solar system\project1\source.cpp(574): warning C4244: аргумент: преобразование "long double" в "float", возможна потеря данных
e:\c++\solar system\project1\source.cpp(575): warning C4244: аргумент: преобразование "long double" в "float", возможна потеря данных
e:\c++\solar system\project1\source.cpp(631): warning C4305: инициализация: усечение из "double" в "float"
e:\c++\solar system\project1\source.cpp(632): warning C4244: аргумент: преобразование "float" в "unsigned int", возможна потеря данных
e:\c++\solar system\project1\source.cpp(633): warning C4244: аргумент: преобразование "double" в "T", возможна потеря данных
          with
          [
              T=float
          ]
  Создание кода
  0 of 88 functions ( 0.0%) were compiled, the rest were copied from previous compilation.
    0 functions were new in current compilation
    1 functions had inline decision re-evaluated but remain unchanged
  Создание кода завершено
  Project1.vcxproj -> E:\c++\Solar system\x64\Release\Project1.exe
